<?xml version="1.0" encoding="utf-8"?><testsuites name="pytest tests"><testsuite name="pytest" errors="0" failures="0" skipped="0" tests="5" time="26.186" timestamp="2026-08-02T23:15:05.931420+00:00" hostname="agent-env-9ae5629b-8cdd-41ea-af8c-113a668122e5"><testcase classname="tests.test_ad_intel" name="test_requires_auth" time="1.293" /><testcase classname="tests.test_ad_intel" name="test_validation_no_text_no_image" time="0.578" /><testcase classname="tests.test_ad_intel" name="test_analyze_competitor_success" time="23.658" /><testcase classname="tests.test_ad_intel" name="test_list_competitor_analyses" time="0.123" /><testcase classname="tests.test_ad_intel" name="test_delete_competitor_analysis" time="0.216" /></testsuite></testsuites>