<?xml version="1.0" encoding="utf-8"?><testsuites name="pytest tests"><testsuite name="pytest" errors="0" failures="0" skipped="0" tests="4" time="24.714" timestamp="2026-08-02T23:30:50.988148+00:00" hostname="agent-env-9ae5629b-8cdd-41ea-af8c-113a668122e5"><testcase classname="tests.test_angles" name="test_angles_requires_auth" time="0.179" /><testcase classname="tests.test_angles" name="test_angles_bad_client" time="0.495" /><testcase classname="tests.test_angles" name="test_angle_full_crud_and_cycle" time="0.897" /><testcase classname="tests.test_angles" name="test_ads_create_with_tracked_angle" time="22.820" /></testsuite></testsuites>