<?xml version="1.0" encoding="utf-8"?><testsuites name="pytest tests"><testsuite name="pytest" errors="0" failures="0" skipped="0" tests="4" time="34.387" timestamp="2026-08-03T01:05:56.714609+00:00" hostname="agent-env-9ae5629b-8cdd-41ea-af8c-113a668122e5"><testcase classname="tests.test_batch_spy" name="test_batch_spy_requires_auth" time="0.201" /><testcase classname="tests.test_batch_spy" name="test_batch_spy_bad_client" time="0.516" /><testcase classname="tests.test_batch_spy" name="test_batch_spy_min_competitors" time="0.195" /><testcase classname="tests.test_batch_spy" name="test_batch_spy_full_flow" time="33.153" /></testsuite></testsuites>