<?xml version="1.0" encoding="utf-8"?><testsuites name="pytest tests"><testsuite name="pytest" errors="0" failures="0" skipped="0" tests="9" time="355.373" timestamp="2026-08-03T05:52:52.408850+00:00" hostname="agent-env-9ae5629b-8cdd-41ea-af8c-113a668122e5"><testcase classname="tests.test_campaign_engine.TestIntelligence" name="test_industries_includes_hvac" time="0.448" /><testcase classname="tests.test_campaign_engine.TestIntelligence" name="test_summary_shape" time="0.109" /><testcase classname="tests.test_campaign_engine.TestIntelligence" name="test_list_and_delete" time="0.307" /><testcase classname="tests.test_campaign_engine.TestCampaignBuild" name="test_reality_schema" time="236.021" /><testcase classname="tests.test_campaign_engine.TestCampaignBuild" name="test_creative_schema" time="0.000" /><testcase classname="tests.test_campaign_engine.TestCampaignBuild" name="test_conversion_schema" time="0.000" /><testcase classname="tests.test_campaign_engine.TestResultAndLearnings" name="test_mark_won_records_learnings" time="0.124" /><testcase classname="tests.test_campaign_engine.TestRefineConversion" name="test_refine_conversion_no_cascade" time="117.936" /><testcase classname="tests.test_campaign_engine.TestDelete" name="test_delete_endpoint" time="0.375" /></testsuite></testsuites>