<?xml version="1.0" encoding="utf-8"?><testsuites name="pytest tests"><testsuite name="pytest" errors="0" failures="0" skipped="0" tests="8" time="3.383" timestamp="2026-08-02T23:07:36.396600+00:00" hostname="agent-env-9ae5629b-8cdd-41ea-af8c-113a668122e5"><testcase classname="tests.test_creatives" name="test_creatives_requires_auth" time="0.310" /><testcase classname="tests.test_creatives" name="test_list_creatives_returns_list" time="0.449" /><testcase classname="tests.test_creatives" name="test_filter_by_prompt_q" time="0.142" /><testcase classname="tests.test_creatives" name="test_filter_by_kind_image" time="0.110" /><testcase classname="tests.test_creatives" name="test_filter_by_kind_video" time="0.147" /><testcase classname="tests.test_creatives" name="test_filter_by_client_id" time="0.204" /><testcase classname="tests.test_creatives" name="test_visual_failed_does_not_create_creative" time="1.495" /><testcase classname="tests.test_creatives" name="test_delete_creative_flow" time="0.202" /></testsuite></testsuites>