<?xml version="1.0" encoding="utf-8"?><testsuites name="pytest tests"><testsuite name="pytest" errors="0" failures="0" skipped="0" tests="12" time="48.140" timestamp="2026-08-02T20:56:18.275738+00:00" hostname="agent-env-9ae5629b-8cdd-41ea-af8c-113a668122e5"><testcase classname="tests.backend_test.TestAuth" name="test_login_bad_creds" time="0.452" /><testcase classname="tests.backend_test.TestAuth" name="test_me_no_token" time="0.258" /><testcase classname="tests.backend_test.TestAuth" name="test_me_with_token" time="0.420" /><testcase classname="tests.backend_test.TestClientBrainAndDocs" name="test_analyze" time="19.295" /><testcase classname="tests.backend_test.TestAuth" name="test_protected_requires_auth" time="0.241" /><testcase classname="tests.backend_test.TestDashboard" name="test_dashboard" time="0.100" /><testcase classname="tests.backend_test.TestClients" name="test_client_crud" time="0.595" /><testcase classname="tests.backend_test.TestAIBriefing" name="test_briefing" time="5.959" /><testcase classname="tests.backend_test.TestOnboarding" name="test_onboarding_creates_client_and_tasks" time="14.397" /><testcase classname="tests.backend_test.TestClientBrainAndDocs" name="test_document_generate_and_pdf" time="19.599" /><testcase classname="tests.backend_test.TestAICoo" name="test_coo_chat" time="8.564" /><testcase classname="tests.backend_test.TestAICoo" name="test_coo_history" time="0.121" /></testsuite></testsuites>