<?xml version="1.0" encoding="utf-8"?><testsuites name="pytest tests"><testsuite name="pytest" errors="0" failures="0" skipped="0" tests="4" time="2.089" timestamp="2026-08-02T21:58:01.118067+00:00" hostname="agent-env-9ae5629b-8cdd-41ea-af8c-113a668122e5"><testcase classname="tests.backend_test.TestAdVisual" name="test_visual_requires_auth" time="0.204" /><testcase classname="tests.backend_test.TestAdVisual" name="test_visual_get_requires_auth" time="0.101" /><testcase classname="tests.backend_test.TestAdVisual" name="test_visual_create_and_graceful_out_of_credits" time="1.560" /><testcase classname="tests.backend_test.TestAdVisual" name="test_visual_video_kind_accepted" time="0.130" /></testsuite></testsuites>