<?xml version="1.0" encoding="utf-8"?><testsuites name="pytest tests"><testsuite name="pytest" errors="0" failures="0" skipped="0" tests="9" time="61.776" timestamp="2026-08-02T21:30:51.867640+00:00" hostname="agent-env-9ae5629b-8cdd-41ea-af8c-113a668122e5"><testcase classname="tests.backend_test.TestMetrics" name="test_metrics_requires_auth" time="0.644" /><testcase classname="tests.backend_test.TestMetrics" name="test_update_metrics_cpl_and_dashboard" time="0.409" /><testcase classname="tests.backend_test.TestSalesCoach" name="test_prep_requires_auth" time="0.104" /><testcase classname="tests.backend_test.TestSalesCoach" name="test_sales_prep" time="16.614" /><testcase classname="tests.backend_test.TestSalesCoach" name="test_sales_score" time="13.464" /><testcase classname="tests.backend_test.TestAdCreator" name="test_ads_requires_auth" time="0.139" /><testcase classname="tests.backend_test.TestAdCreator" name="test_ad_create_list_delete" time="20.961" /><testcase classname="tests.backend_test.TestReportsAndPortal" name="test_report_requires_auth" time="0.093" /><testcase classname="tests.backend_test.TestReportsAndPortal" name="test_generate_report_and_public_portal" time="9.293" /></testsuite></testsuites>