<?xml version="1.0" encoding="utf-8"?><testsuites name="pytest tests"><testsuite name="pytest" errors="0" failures="1" skipped="0" tests="12" time="47.457" timestamp="2026-08-06T07:17:22.373859+00:00" hostname="agent-env-9ae5629b-8cdd-41ea-af8c-113a668122e5"><testcase classname="tests.test_value_engine.TestTemplates" name="test_templates_shape" time="0.629" /><testcase classname="tests.test_value_engine.TestTemplates" name="test_templates_auth_required" time="0.126" /><testcase classname="tests.test_value_engine.TestCalculate" name="test_calculate_hvac" time="0.124" /><testcase classname="tests.test_value_engine.TestBuild" name="test_build_has_script" time="44.438" /><testcase classname="tests.test_value_engine.TestBuild" name="test_runs_list_and_get" time="0.345" /><testcase classname="tests.test_value_engine.TestBuild" name="test_pdf_download" time="0.741" /><testcase classname="tests.test_value_engine.TestDelete" name="test_delete_run" time="0.361" /><testcase classname="tests.test_value_engine.TestRegression" name="test_dashboard" time="0.118" /><testcase classname="tests.test_value_engine.TestRegression" name="test_clients_list" time="0.114" /><testcase classname="tests.test_value_engine.TestRegression" name="test_campaigns_list" time="0.133" /><testcase classname="tests.test_value_engine.TestRegression" name="test_intelligence_list" time="0.123" /><testcase classname="tests.test_value_engine.TestRegression" name="test_batch_spy_list" time="0.131"><failure message="assert 404 in (200,)&#10; +  where 404 = &lt;Response [404]&gt;.status_code">backend/tests/test_value_engine.py:160: in test_batch_spy_list
    assert r.status_code in (200,)
E   assert 404 in (200,)
E    +  where 404 = &lt;Response [404]&gt;.status_code</failure></testcase></testsuite></testsuites>